<?xml version="1.0" encoding="UTF-8"?>
<!-- Generated by org.testng.reporters.JUnitReportReporter -->
<testsuite skipped="0" hostname="IBM-Testing01" name="arrivalimagesreviewpomtest.VerifyPracticeautomation" tests="1" failures="0" timestamp="23 Jan 2020 09:20:42 GMT" time="125.165" errors="0">
  <testcase name="checklogin" time="125.165" classname="arrivalimagesreviewpomtest.VerifyPracticeautomation"/>
</testsuite> <!-- arrivalimagesreviewpomtest.VerifyPracticeautomation -->
